<?xml version="1.0" encoding="utf-8" standalone="no"?>
<test-results xmlns:xsi="http://www.w3.org/2001/XMLSchema-instance" xsi:noNamespaceSchemaLocation="nunit_schema_2.5.xsd" name="Pester" total="285" errors="0" failures="0" not-run="0" inconclusive="0" ignored="0" skipped="0" invalid="0" date="2026-05-01" time="07:47:03">
  <environment user-domain="REDMOND" machine-name="DESKTOP-AQ1AU6E" os-version="10.0.26200" clr-version="10.0.6" platform="Microsoft Windows 11 Enterprise|C:\WINDOWS|\Device\Harddisk0\Partition3" cwd="C:\Users\dangreen\projects\polyphony-2584" user="dangreen" nunit-version="2.5.8.0" />
  <culture-info current-culture="en-US" current-uiculture="en-US" />
  <test-suite type="TestFixture" name="Pester" executed="True" result="Success" success="True" time="168.9837" asserts="0" description="Pester">
    <results>
      <test-suite type="TestFixture" name="C:\Users\dangreen\projects\polyphony-2584\scripts\detect-state.Tests.ps1" executed="True" result="Success" success="True" time="64.6123" asserts="0" description="C:\Users\dangreen\projects\polyphony-2584\scripts\detect-state.Tests.ps1">
        <results>
          <test-suite type="TestFixture" name="detect-state.ps1 — polyphony route integration (#2632)" executed="True" result="Success" success="True" time="40.3912" asserts="0" description="detect-state.ps1 — polyphony route integration (#2632)">
            <results>
              <test-suite type="TestFixture" name="detect-state.ps1 — polyphony route integration (#2632).Polyphony route phase mapping" executed="True" result="Success" success="True" time="6.4649" asserts="0" description="detect-state.ps1 — polyphony route integration (#2632).Polyphony route phase mapping">
                <results>
                  <test-case description="Sets phase from polyphony route result" name="detect-state.ps1 — polyphony route integration (#2632).Polyphony route phase mapping.Sets phase from polyphony route result" time="4" asserts="0" success="True" result="Success" executed="True" />
                  <test-case description="Maps phase &quot;in_progress&quot; from route" name="detect-state.ps1 — polyphony route integration (#2632).Polyphony route phase mapping.Maps phase &quot;in_progress&quot; from route" time="0.7239" asserts="0" success="True" result="Success" executed="True" />
                  <test-case description="Maps phase &quot;done&quot; from route" name="detect-state.ps1 — polyphony route integration (#2632).Polyphony route phase mapping.Maps phase &quot;done&quot; from route" time="0.7816" asserts="0" success="True" result="Success" executed="True" />
                  <test-case description="Maps phase &quot;ready_for_completion&quot; from route" name="detect-state.ps1 — polyphony route integration (#2632).Polyphony route phase mapping.Maps phase &quot;ready_for_completion&quot; from route" time="0.6329" asserts="0" success="True" result="Success" executed="True" />
                </results>
              </test-suite>
              <test-suite type="TestFixture" name="detect-state.ps1 — polyphony route integration (#2632).Implementation status mapping from action" executed="True" result="Success" success="True" time="11.2557" asserts="0" description="detect-state.ps1 — polyphony route integration (#2632).Implementation status mapping from action">
                <results>
                  <test-case description="Maps &quot;plan&quot; action to &quot;not_started&quot;" name="detect-state.ps1 — polyphony route integration (#2632).Implementation status mapping from action.Maps &quot;plan&quot; action to &quot;not_started&quot;" time="0.6066" asserts="0" success="True" result="Success" executed="True" />
                  <test-case description="Maps &quot;seed&quot; action to &quot;not_started&quot;" name="detect-state.ps1 — polyphony route integration (#2632).Implementation status mapping from action.Maps &quot;seed&quot; action to &quot;not_started&quot;" time="0.5616" asserts="0" success="True" result="Success" executed="True" />
                  <test-case description="Maps &quot;implement&quot; action to &quot;not_started&quot;" name="detect-state.ps1 — polyphony route integration (#2632).Implementation status mapping from action.Maps &quot;implement&quot; action to &quot;not_started&quot;" time="0.6101" asserts="0" success="True" result="Success" executed="True" />
                  <test-case description="Maps &quot;monitor&quot; action to &quot;in_progress&quot;" name="detect-state.ps1 — polyphony route integration (#2632).Implementation status mapping from action.Maps &quot;monitor&quot; action to &quot;in_progress&quot;" time="0.4932" asserts="0" success="True" result="Success" executed="True" />
                  <test-case description="Maps &quot;close&quot; action to &quot;done&quot;" name="detect-state.ps1 — polyphony route integration (#2632).Implementation status mapping from action.Maps &quot;close&quot; action to &quot;done&quot;" time="0.578" asserts="0" success="True" result="Success" executed="True" />
                  <test-case description="Maps &quot;none&quot; action with &quot;done&quot; phase to &quot;done&quot;" name="detect-state.ps1 — polyphony route integration (#2632).Implementation status mapping from action.Maps &quot;none&quot; action with &quot;done&quot; phase to &quot;done&quot;" time="0.543" asserts="0" success="True" result="Success" executed="True" />
                  <test-case description="Maps &quot;none&quot; action with &quot;removed&quot; phase to &quot;removed&quot;" name="detect-state.ps1 — polyphony route integration (#2632).Implementation status mapping from action.Maps &quot;none&quot; action with &quot;removed&quot; phase to &quot;removed&quot;" time="0.532" asserts="0" success="True" result="Success" executed="True" />
                  <test-case description="Falls through unknown action as literal value" name="detect-state.ps1 — polyphony route integration (#2632).Implementation status mapping from action.Falls through unknown action as literal value" time="0.6102" asserts="0" success="True" result="Success" executed="True" />
                </results>
              </test-suite>
              <test-suite type="TestFixture" name="detect-state.ps1 — polyphony route integration (#2632).Work item metadata from twig tree" executed="True" result="Success" success="True" time="15.3295" asserts="0" description="detect-state.ps1 — polyphony route integration (#2632).Work item metadata from twig tree">
                <results>
                  <test-case description="Reads work_item_type from tree" name="detect-state.ps1 — polyphony route integration (#2632).Work item metadata from twig tree.Reads work_item_type from tree" time="0.9242" asserts="0" success="True" result="Success" executed="True" />
                  <test-case description="Reads work_item_state from tree" name="detect-state.ps1 — polyphony route integration (#2632).Work item metadata from twig tree.Reads work_item_state from tree" time="0.7116" asserts="0" success="True" result="Success" executed="True" />
                  <test-case description="Reads work_item_title from tree" name="detect-state.ps1 — polyphony route integration (#2632).Work item metadata from twig tree.Reads work_item_title from tree" time="0.9138" asserts="0" success="True" result="Success" executed="True" />
                  <test-case description="Defaults to empty string when tree fields are missing" name="detect-state.ps1 — polyphony route integration (#2632).Work item metadata from twig tree.Defaults to empty string when tree fields are missing" time="1.2567" asserts="0" success="True" result="Success" executed="True" />
                </results>
              </test-suite>
              <test-suite type="TestFixture" name="detect-state.ps1 — polyphony route integration (#2632).Children analysis" executed="True" result="Success" success="True" time="20.9259" asserts="0" description="detect-state.ps1 — polyphony route integration (#2632).Children analysis">
                <results>
                  <test-case description="Computes children_summary with correct counts" name="detect-state.ps1 — polyphony route integration (#2632).Children analysis.Computes children_summary with correct counts" time="1.0848" asserts="0" success="True" result="Success" executed="True" />
                  <test-case description="Sets has_seeded_children true when children exist" name="detect-state.ps1 — polyphony route integration (#2632).Children analysis.Sets has_seeded_children true when children exist" time="0.7937" asserts="0" success="True" result="Success" executed="True" />
                  <test-case description="Sets has_seeded_children false when no children" name="detect-state.ps1 — polyphony route integration (#2632).Children analysis.Sets has_seeded_children false when no children" time="0.8626" asserts="0" success="True" result="Success" executed="True" />
                  <test-case description="Detects any_child_missing_tasks when non-Done child has no grandchildren" name="detect-state.ps1 — polyphony route integration (#2632).Children analysis.Detects any_child_missing_tasks when non-Done child has no grandchildren" time="0.7554" asserts="0" success="True" result="Success" executed="True" />
                  <test-case description="Sets any_child_missing_tasks false when all non-Done children have grandchildren" name="detect-state.ps1 — polyphony route integration (#2632).Children analysis.Sets any_child_missing_tasks false when all non-Done children have grandchildren" time="0.9535" asserts="0" success="True" result="Success" executed="True" />
                  <test-case description="Ignores Done children in missing-tasks check" name="detect-state.ps1 — polyphony route integration (#2632).Children analysis.Ignores Done children in missing-tasks check" time="0.99" asserts="0" success="True" result="Success" executed="True" />
                </results>
              </test-suite>
              <test-suite type="TestFixture" name="detect-state.ps1 — polyphony route integration (#2632).Seed status" executed="True" result="Success" success="True" time="23.0872" asserts="0" description="detect-state.ps1 — polyphony route integration (#2632).Seed status">
                <results>
                  <test-case description="Returns &quot;unseeded&quot; when no children" name="detect-state.ps1 — polyphony route integration (#2632).Seed status.Returns &quot;unseeded&quot; when no children" time="0.8327" asserts="0" success="True" result="Success" executed="True" />
                  <test-case description="Returns &quot;partial&quot; when some children missing tasks" name="detect-state.ps1 — polyphony route integration (#2632).Seed status.Returns &quot;partial&quot; when some children missing tasks" time="0.5833" asserts="0" success="True" result="Success" executed="True" />
                  <test-case description="Returns &quot;seeded&quot; when all children have grandchildren" name="detect-state.ps1 — polyphony route integration (#2632).Seed status.Returns &quot;seeded&quot; when all children have grandchildren" time="0.6021" asserts="0" success="True" result="Success" executed="True" />
                </results>
              </test-suite>
              <test-suite type="TestFixture" name="detect-state.ps1 — polyphony route integration (#2632).Workspace hint pass-through" executed="True" result="Success" success="True" time="24.3497" asserts="0" description="detect-state.ps1 — polyphony route integration (#2632).Workspace hint pass-through">
                <results>
                  <test-case description="Passes workspace_hint as JSON string in output" name="detect-state.ps1 — polyphony route integration (#2632).Workspace hint pass-through.Passes workspace_hint as JSON string in output" time="0.5789" asserts="0" success="True" result="Success" executed="True" />
                  <test-case description="Returns empty object when workspace_hint is null" name="detect-state.ps1 — polyphony route integration (#2632).Workspace hint pass-through.Returns empty object when workspace_hint is null" time="0.5373" asserts="0" success="True" result="Success" executed="True" />
                </results>
              </test-suite>
              <test-suite type="TestFixture" name="detect-state.ps1 — polyphony route integration (#2632).Repo slug derivation" executed="True" result="Success" success="True" time="25.941" asserts="0" description="detect-state.ps1 — polyphony route integration (#2632).Repo slug derivation">
                <results>
                  <test-case description="Derives repo slug from HTTPS remote URL" name="detect-state.ps1 — polyphony route integration (#2632).Repo slug derivation.Derives repo slug from HTTPS remote URL" time="0.6731" asserts="0" success="True" result="Success" executed="True" />
                  <test-case description="Derives repo slug from SSH remote URL" name="detect-state.ps1 — polyphony route integration (#2632).Repo slug derivation.Derives repo slug from SSH remote URL" time="0.6141" asserts="0" success="True" result="Success" executed="True" />
                  <test-case description="Contains no hardcoded repo slug in script source" name="detect-state.ps1 — polyphony route integration (#2632).Repo slug derivation.Contains no hardcoded repo slug in script source" time="0.1781" asserts="0" success="True" result="Success" executed="True" />
                </results>
              </test-suite>
              <test-suite type="TestFixture" name="detect-state.ps1 — polyphony route integration (#2632).Unmerged branches check" executed="True" result="Success" success="True" time="27.6115" asserts="0" description="detect-state.ps1 — polyphony route integration (#2632).Unmerged branches check">
                <results>
                  <test-case description="Keeps implementation_status as &quot;in_progress&quot; when open PRs exist" name="detect-state.ps1 — polyphony route integration (#2632).Unmerged branches check.Keeps implementation_status as &quot;in_progress&quot; when open PRs exist" time="0.8157" asserts="0" success="True" result="Success" executed="True" />
                  <test-case description="Does not override &quot;done&quot; implementation_status even with open PRs" name="detect-state.ps1 — polyphony route integration (#2632).Unmerged branches check.Does not override &quot;done&quot; implementation_status even with open PRs" time="0.7212" asserts="0" success="True" result="Success" executed="True" />
                </results>
              </test-suite>
              <test-suite type="TestFixture" name="detect-state.ps1 — polyphony route integration (#2632).Output completeness" executed="True" result="Success" success="True" time="29.4868" asserts="0" description="detect-state.ps1 — polyphony route integration (#2632).Output completeness">
                <results>
                  <test-case description="Includes all required output fields" name="detect-state.ps1 — polyphony route integration (#2632).Output completeness.Includes all required output fields" time="0.6898" asserts="0" success="True" result="Success" executed="True" />
                  <test-case description="Outputs valid JSON" name="detect-state.ps1 — polyphony route integration (#2632).Output completeness.Outputs valid JSON" time="0.5812" asserts="0" success="True" result="Success" executed="True" />
                  <test-case description="Sets work_item_id to input parameter" name="detect-state.ps1 — polyphony route integration (#2632).Output completeness.Sets work_item_id to input parameter" time="0.4764" asserts="0" success="True" result="Success" executed="True" />
                </results>
              </test-suite>
              <test-suite type="TestFixture" name="detect-state.ps1 — polyphony route integration (#2632).Plan discovery — explicit override (#2633)" executed="True" result="Success" success="True" time="32.1666" asserts="0" description="detect-state.ps1 — polyphony route integration (#2632).Plan discovery — explicit override (#2633)">
                <results>
                  <test-case description="Sets plan_status complete when -PlanPath file exists" name="detect-state.ps1 — polyphony route integration (#2632).Plan discovery — explicit override (#2633).Sets plan_status complete when -PlanPath file exists" time="1.4025" asserts="0" success="True" result="Success" executed="True" />
                  <test-case description="Returns plan_status none when -PlanPath file does not exist" name="detect-state.ps1 — polyphony route integration (#2632).Plan discovery — explicit override (#2633).Returns plan_status none when -PlanPath file does not exist" time="0.5975" asserts="0" success="True" result="Success" executed="True" />
                  <test-case description="Does not scan filesystem when explicit PlanPath is provided" name="detect-state.ps1 — polyphony route integration (#2632).Plan discovery — explicit override (#2633).Does not scan filesystem when explicit PlanPath is provided" time="0.5537" asserts="0" success="True" result="Success" executed="True" />
                </results>
              </test-suite>
              <test-suite type="TestFixture" name="detect-state.ps1 — polyphony route integration (#2632).Plan discovery — YAML frontmatter (#2633)" executed="True" result="Success" success="True" time="33.9607" asserts="0" description="detect-state.ps1 — polyphony route integration (#2632).Plan discovery — YAML frontmatter (#2633)">
                <results>
                  <test-case description="Discovers plan via work_item_id in YAML frontmatter" name="detect-state.ps1 — polyphony route integration (#2632).Plan discovery — YAML frontmatter (#2633).Discovers plan via work_item_id in YAML frontmatter" time="0.9881" asserts="0" success="True" result="Success" executed="True" />
                  <test-case description="Does not match when work_item_id differs" name="detect-state.ps1 — polyphony route integration (#2632).Plan discovery — YAML frontmatter (#2633).Does not match when work_item_id differs" time="0.6397" asserts="0" success="True" result="Success" executed="True" />
                </results>
              </test-suite>
              <test-suite type="TestFixture" name="detect-state.ps1 — polyphony route integration (#2632).Plan discovery — legacy table metadata (#2633)" executed="True" result="Success" success="True" time="36.1263" asserts="0" description="detect-state.ps1 — polyphony route integration (#2632).Plan discovery — legacy table metadata (#2633)">
                <results>
                  <test-case description="Discovers plan via Work Item table row" name="detect-state.ps1 — polyphony route integration (#2632).Plan discovery — legacy table metadata (#2633).Discovers plan via Work Item table row" time="0.6208" asserts="0" success="True" result="Success" executed="True" />
                  <test-case description="Discovers plan via Issue table row" name="detect-state.ps1 — polyphony route integration (#2632).Plan discovery — legacy table metadata (#2633).Discovers plan via Issue table row" time="0.7268" asserts="0" success="True" result="Success" executed="True" />
                  <test-case description="Matches unbolded Work Item row" name="detect-state.ps1 — polyphony route integration (#2632).Plan discovery — legacy table metadata (#2633).Matches unbolded Work Item row" time="0.6702" asserts="0" success="True" result="Success" executed="True" />
                </results>
              </test-suite>
              <test-suite type="TestFixture" name="detect-state.ps1 — polyphony route integration (#2632).Plan discovery — ambiguous and missing (#2633)" executed="True" result="Success" success="True" time="38.0917" asserts="0" description="detect-state.ps1 — polyphony route integration (#2632).Plan discovery — ambiguous and missing (#2633)">
                <results>
                  <test-case description="Sets plan_status ambiguous when multiple plan files match" name="detect-state.ps1 — polyphony route integration (#2632).Plan discovery — ambiguous and missing (#2633).Sets plan_status ambiguous when multiple plan files match" time="0.71" asserts="0" success="True" result="Success" executed="True" />
                  <test-case description="Returns plan_status none when no plan files exist" name="detect-state.ps1 — polyphony route integration (#2632).Plan discovery — ambiguous and missing (#2633).Returns plan_status none when no plan files exist" time="0.5292" asserts="0" success="True" result="Success" executed="True" />
                  <test-case description="Returns plan_status none when plan files exist but none match" name="detect-state.ps1 — polyphony route integration (#2632).Plan discovery — ambiguous and missing (#2633).Returns plan_status none when plan files exist but none match" time="0.5926" asserts="0" success="True" result="Success" executed="True" />
                </results>
              </test-suite>
              <test-suite type="TestFixture" name="detect-state.ps1 — polyphony route integration (#2632).Plan discovery — intent integration (#2633)" executed="True" result="Success" success="True" time="39.1994" asserts="0" description="detect-state.ps1 — polyphony route integration (#2632).Plan discovery — intent integration (#2633)">
                <results>
                  <test-case description="Sets intent_conflict true for new intent when has_plan is true" name="detect-state.ps1 — polyphony route integration (#2632).Plan discovery — intent integration (#2633).Sets intent_conflict true for new intent when has_plan is true" time="0.4411" asserts="0" success="True" result="Success" executed="True" />
                  <test-case description="Sets needs_cleanup true for redo intent when has_plan is true" name="detect-state.ps1 — polyphony route integration (#2632).Plan discovery — intent integration (#2633).Sets needs_cleanup true for redo intent when has_plan is true" time="0.5459" asserts="0" success="True" result="Success" executed="True" />
                </results>
              </test-suite>
              <test-suite type="TestFixture" name="detect-state.ps1 — polyphony route integration (#2632).Zero type name literals" executed="True" result="Success" success="True" time="39.4621" asserts="0" description="detect-state.ps1 — polyphony route integration (#2632).Zero type name literals">
                <results>
                  <test-case description="Does not contain hardcoded type name literals" name="detect-state.ps1 — polyphony route integration (#2632).Zero type name literals.Does not contain hardcoded type name literals" time="0.1493" asserts="0" success="True" result="Success" executed="True" />
                </results>
              </test-suite>
              <test-suite type="TestFixture" name="detect-state.ps1 — polyphony route integration (#2632).Error handling" executed="True" result="Success" success="True" time="40.2163" asserts="0" description="detect-state.ps1 — polyphony route integration (#2632).Error handling">
                <results>
                  <test-case description="Returns error JSON when polyphony route fails" name="detect-state.ps1 — polyphony route integration (#2632).Error handling.Returns error JSON when polyphony route fails" time="0.6243" asserts="0" success="True" result="Success" executed="True" />
                </results>
              </test-suite>
            </results>
          </test-suite>
          <test-suite type="TestFixture" name="detect-state.ps1 — output schema compatibility (#2635)" executed="True" result="Success" success="True" time="60.7327" asserts="0" description="detect-state.ps1 — output schema compatibility (#2635)">
            <results>
              <test-suite type="TestFixture" name="detect-state.ps1 — output schema compatibility (#2635).Required schema keys — all 18 from reference" executed="True" result="Success" success="True" time="1.5293" asserts="0" description="detect-state.ps1 — output schema compatibility (#2635).Required schema keys — all 18 from reference">
                <results>
                  <test-case description="Contains all 18 required keys" name="detect-state.ps1 — output schema compatibility (#2635).Required schema keys — all 18 from reference.Contains all 18 required keys" time="0.7249" asserts="0" success="True" result="Success" executed="True" />
                  <test-case description="Uses correct value types for each key" name="detect-state.ps1 — output schema compatibility (#2635).Required schema keys — all 18 from reference.Uses correct value types for each key" time="0.6549" asserts="0" success="True" result="Success" executed="True" />
                </results>
              </test-suite>
              <test-suite type="TestFixture" name="detect-state.ps1 — output schema compatibility (#2635).Scenario 1 — New work item (no children, no plan, intent=new)" executed="True" result="Success" success="True" time="4.3901" asserts="0" description="detect-state.ps1 — output schema compatibility (#2635).Scenario 1 — New work item (no children, no plan, intent=new)">
                <results>
                  <test-case description="Returns phase needs_planning" name="detect-state.ps1 — output schema compatibility (#2635).Scenario 1 — New work item (no children, no plan, intent=new).Returns phase needs_planning" time="0.7421" asserts="0" success="True" result="Success" executed="True" />
                  <test-case description="Returns has_plan false and plan_status none" name="detect-state.ps1 — output schema compatibility (#2635).Scenario 1 — New work item (no children, no plan, intent=new).Returns has_plan false and plan_status none" time="0.4768" asserts="0" success="True" result="Success" executed="True" />
                  <test-case description="Returns has_seeded_children false" name="detect-state.ps1 — output schema compatibility (#2635).Scenario 1 — New work item (no children, no plan, intent=new).Returns has_seeded_children false" time="0.482" asserts="0" success="True" result="Success" executed="True" />
                  <test-case description="Returns intent_conflict false (no existing state)" name="detect-state.ps1 — output schema compatibility (#2635).Scenario 1 — New work item (no children, no plan, intent=new).Returns intent_conflict false (no existing state)" time="0.5761" asserts="0" success="True" result="Success" executed="True" />
                  <test-case description="Returns implementation_status not_started" name="detect-state.ps1 — output schema compatibility (#2635).Scenario 1 — New work item (no children, no plan, intent=new).Returns implementation_status not_started" time="0.4422" asserts="0" success="True" result="Success" executed="True" />
                </results>
              </test-suite>
              <test-suite type="TestFixture" name="detect-state.ps1 — output schema compatibility (#2635).Scenario 2 — Work item with plan, no children (intent=resume)" executed="True" result="Success" success="True" time="6.337" asserts="0" description="detect-state.ps1 — output schema compatibility (#2635).Scenario 2 — Work item with plan, no children (intent=resume)">
                <results>
                  <test-case description="Returns phase needs_seeding" name="detect-state.ps1 — output schema compatibility (#2635).Scenario 2 — Work item with plan, no children (intent=resume).Returns phase needs_seeding" time="0.7966" asserts="0" success="True" result="Success" executed="True" />
                  <test-case description="Returns has_plan true with filesystem_fallback source" name="detect-state.ps1 — output schema compatibility (#2635).Scenario 2 — Work item with plan, no children (intent=resume).Returns has_plan true with filesystem_fallback source" time="0.508" asserts="0" success="True" result="Success" executed="True" />
                  <test-case description="Returns has_seeded_children false" name="detect-state.ps1 — output schema compatibility (#2635).Scenario 2 — Work item with plan, no children (intent=resume).Returns has_seeded_children false" time="0.5121" asserts="0" success="True" result="Success" executed="True" />
                </results>
              </test-suite>
              <test-suite type="TestFixture" name="detect-state.ps1 — output schema compatibility (#2635).Scenario 3 — Work item with children in progress (intent=resume)" executed="True" result="Success" success="True" time="8.5623" asserts="0" description="detect-state.ps1 — output schema compatibility (#2635).Scenario 3 — Work item with children in progress (intent=resume)">
                <results>
                  <test-case description="Returns phase ready_for_implementation" name="detect-state.ps1 — output schema compatibility (#2635).Scenario 3 — Work item with children in progress (intent=resume).Returns phase ready_for_implementation" time="0.7111" asserts="0" success="True" result="Success" executed="True" />
                  <test-case description="Returns has_seeded_children true" name="detect-state.ps1 — output schema compatibility (#2635).Scenario 3 — Work item with children in progress (intent=resume).Returns has_seeded_children true" time="0.4658" asserts="0" success="True" result="Success" executed="True" />
                  <test-case description="Returns seed_status seeded when all children have tasks" name="detect-state.ps1 — output schema compatibility (#2635).Scenario 3 — Work item with children in progress (intent=resume).Returns seed_status seeded when all children have tasks" time="0.4875" asserts="0" success="True" result="Success" executed="True" />
                  <test-case description="Returns children_summary with correct counts" name="detect-state.ps1 — output schema compatibility (#2635).Scenario 3 — Work item with children in progress (intent=resume).Returns children_summary with correct counts" time="0.433" asserts="0" success="True" result="Success" executed="True" />
                </results>
              </test-suite>
              <test-suite type="TestFixture" name="detect-state.ps1 — output schema compatibility (#2635).Scenario 4 — Completed work item (all children Done)" executed="True" result="Success" success="True" time="10.2406" asserts="0" description="detect-state.ps1 — output schema compatibility (#2635).Scenario 4 — Completed work item (all children Done)">
                <results>
                  <test-case description="Returns phase done" name="detect-state.ps1 — output schema compatibility (#2635).Scenario 4 — Completed work item (all children Done).Returns phase done" time="0.624" asserts="0" success="True" result="Success" executed="True" />
                  <test-case description="Returns implementation_status done" name="detect-state.ps1 — output schema compatibility (#2635).Scenario 4 — Completed work item (all children Done).Returns implementation_status done" time="0.4486" asserts="0" success="True" result="Success" executed="True" />
                  <test-case description="Returns all children as done in summary" name="detect-state.ps1 — output schema compatibility (#2635).Scenario 4 — Completed work item (all children Done).Returns all children as done in summary" time="0.4733" asserts="0" success="True" result="Success" executed="True" />
                </results>
              </test-suite>
              <test-suite type="TestFixture" name="detect-state.ps1 — output schema compatibility (#2635).Scenario 5 — Intent conflict (intent=new with existing children)" executed="True" result="Success" success="True" time="11.9377" asserts="0" description="detect-state.ps1 — output schema compatibility (#2635).Scenario 5 — Intent conflict (intent=new with existing children)">
                <results>
                  <test-case description="Returns intent_conflict true" name="detect-state.ps1 — output schema compatibility (#2635).Scenario 5 — Intent conflict (intent=new with existing children).Returns intent_conflict true" time="0.6913" asserts="0" success="True" result="Success" executed="True" />
                  <test-case description="Preserves phase from polyphony route" name="detect-state.ps1 — output schema compatibility (#2635).Scenario 5 — Intent conflict (intent=new with existing children).Preserves phase from polyphony route" time="0.4381" asserts="0" success="True" result="Success" executed="True" />
                  <test-case description="Returns needs_cleanup false (only intent_conflict is set)" name="detect-state.ps1 — output schema compatibility (#2635).Scenario 5 — Intent conflict (intent=new with existing children).Returns needs_cleanup false (only intent_conflict is set)" time="0.4479" asserts="0" success="True" result="Success" executed="True" />
                </results>
              </test-suite>
              <test-suite type="TestFixture" name="detect-state.ps1 — output schema compatibility (#2635).Scenario 6 — Redo intent with existing plan" executed="True" result="Success" success="True" time="13.7805" asserts="0" description="detect-state.ps1 — output schema compatibility (#2635).Scenario 6 — Redo intent with existing plan">
                <results>
                  <test-case description="Returns needs_cleanup true" name="detect-state.ps1 — output schema compatibility (#2635).Scenario 6 — Redo intent with existing plan.Returns needs_cleanup true" time="0.856" asserts="0" success="True" result="Success" executed="True" />
                  <test-case description="Returns has_plan true" name="detect-state.ps1 — output schema compatibility (#2635).Scenario 6 — Redo intent with existing plan.Returns has_plan true" time="0.4306" asserts="0" success="True" result="Success" executed="True" />
                  <test-case description="Returns intent_conflict false (redo sets cleanup, not conflict)" name="detect-state.ps1 — output schema compatibility (#2635).Scenario 6 — Redo intent with existing plan.Returns intent_conflict false (redo sets cleanup, not conflict)" time="0.4379" asserts="0" success="True" result="Success" executed="True" />
                </results>
              </test-suite>
              <test-suite type="TestFixture" name="detect-state.ps1 — output schema compatibility (#2635).Scenario 7 — Children missing tasks (issues with no grandchildren)" executed="True" result="Success" success="True" time="15.9139" asserts="0" description="detect-state.ps1 — output schema compatibility (#2635).Scenario 7 — Children missing tasks (issues with no grandchildren)">
                <results>
                  <test-case description="Returns phase needs_task_decomposition" name="detect-state.ps1 — output schema compatibility (#2635).Scenario 7 — Children missing tasks (issues with no grandchildren).Returns phase needs_task_decomposition" time="0.701" asserts="0" success="True" result="Success" executed="True" />
                  <test-case description="Returns any_child_missing_tasks true" name="detect-state.ps1 — output schema compatibility (#2635).Scenario 7 — Children missing tasks (issues with no grandchildren).Returns any_child_missing_tasks true" time="0.5192" asserts="0" success="True" result="Success" executed="True" />
                  <test-case description="Returns seed_status partial" name="detect-state.ps1 — output schema compatibility (#2635).Scenario 7 — Children missing tasks (issues with no grandchildren).Returns seed_status partial" time="0.4553" asserts="0" success="True" result="Success" executed="True" />
                  <test-case description="Returns has_seeded_children true (issues exist)" name="detect-state.ps1 — output schema compatibility (#2635).Scenario 7 — Children missing tasks (issues with no grandchildren).Returns has_seeded_children true (issues exist)" time="0.3336" asserts="0" success="True" result="Success" executed="True" />
                </results>
              </test-suite>
              <test-suite type="TestFixture" name="detect-state.ps1 — output schema compatibility (#2635).Scenario 8 — Ambiguous plans (multiple plan files match)" executed="True" result="Success" success="True" time="17.8335" asserts="0" description="detect-state.ps1 — output schema compatibility (#2635).Scenario 8 — Ambiguous plans (multiple plan files match)">
                <results>
                  <test-case description="Returns plan_status ambiguous" name="detect-state.ps1 — output schema compatibility (#2635).Scenario 8 — Ambiguous plans (multiple plan files match).Returns plan_status ambiguous" time="0.6811" asserts="0" success="True" result="Success" executed="True" />
                  <test-case description="Returns has_plan false" name="detect-state.ps1 — output schema compatibility (#2635).Scenario 8 — Ambiguous plans (multiple plan files match).Returns has_plan false" time="0.6034" asserts="0" success="True" result="Success" executed="True" />
                  <test-case description="Returns empty plan_path" name="detect-state.ps1 — output schema compatibility (#2635).Scenario 8 — Ambiguous plans (multiple plan files match).Returns empty plan_path" time="0.5192" asserts="0" success="True" result="Success" executed="True" />
                </results>
              </test-suite>
              <test-suite type="TestFixture" name="detect-state.ps1 — output schema compatibility (#2635).P5 compliance — zero type name literals" executed="True" result="Success" success="True" time="18.1452" asserts="0" description="detect-state.ps1 — output schema compatibility (#2635).P5 compliance — zero type name literals">
                <results>
                  <test-case description="Contains no hardcoded type literals (Epic, Issue, Task)" name="detect-state.ps1 — output schema compatibility (#2635).P5 compliance — zero type name literals.Contains no hardcoded type literals (Epic, Issue, Task)" time="0.2006" asserts="0" success="True" result="Success" executed="True" />
                </results>
              </test-suite>
              <test-suite type="TestFixture" name="detect-state.ps1 — output schema compatibility (#2635).Error handler output format" executed="True" result="Success" success="True" time="20.2264" asserts="0" description="detect-state.ps1 — output schema compatibility (#2635).Error handler output format">
                <results>
                  <test-case description="Error output contains error, phase, and work_item_id keys" name="detect-state.ps1 — output schema compatibility (#2635).Error handler output format.Error output contains error, phase, and work_item_id keys" time="0.4931" asserts="0" success="True" result="Success" executed="True" />
                  <test-case description="Error output sets phase to error" name="detect-state.ps1 — output schema compatibility (#2635).Error handler output format.Error output sets phase to error" time="0.6192" asserts="0" success="True" result="Success" executed="True" />
                  <test-case description="Error output preserves work_item_id" name="detect-state.ps1 — output schema compatibility (#2635).Error handler output format.Error output preserves work_item_id" time="0.4362" asserts="0" success="True" result="Success" executed="True" />
                  <test-case description="Error output sets non-zero exit code" name="detect-state.ps1 — output schema compatibility (#2635).Error handler output format.Error output sets non-zero exit code" time="0.4047" asserts="0" success="True" result="Success" executed="True" />
                </results>
              </test-suite>
            </results>
          </test-suite>
        </results>
      </test-suite>
      <test-suite type="TestFixture" name="C:\Users\dangreen\projects\polyphony-2584\scripts\scope-closer.Tests.ps1" executed="True" result="Success" success="True" time="15.6668" asserts="0" description="C:\Users\dangreen\projects\polyphony-2584\scripts\scope-closer.Tests.ps1">
        <results>
          <test-suite type="TestFixture" name="scope-closer.ps1 — polyphony validate transition check (#2647)" executed="True" result="Success" success="True" time="8.0429" asserts="0" description="scope-closer.ps1 — polyphony validate transition check (#2647)">
            <results>
              <test-suite type="TestFixture" name="scope-closer.ps1 — polyphony validate transition check (#2647).Valid transitions" executed="True" result="Success" success="True" time="2.512" asserts="0" description="scope-closer.ps1 — polyphony validate transition check (#2647).Valid transitions">
                <results>
                  <test-case description="Closes non-Done items in the specified PG when validate returns valid" name="scope-closer.ps1 — polyphony validate transition check (#2647).Valid transitions.Closes non-Done items in the specified PG when validate returns valid" time="0.9817" asserts="0" success="True" result="Success" executed="True" />
                  <test-case description="Includes work item id and target_state in closed_items" name="scope-closer.ps1 — polyphony validate transition check (#2647).Valid transitions.Includes work item id and target_state in closed_items" time="0.2957" asserts="0" success="True" result="Success" executed="True" />
                  <test-case description="Skips items already in Done state" name="scope-closer.ps1 — polyphony validate transition check (#2647).Valid transitions.Skips items already in Done state" time="0.3221" asserts="0" success="True" result="Success" executed="True" />
                  <test-case description="Calls twig state with target_state from validate result" name="scope-closer.ps1 — polyphony validate transition check (#2647).Valid transitions.Calls twig state with target_state from validate result" time="0.4328" asserts="0" success="True" result="Success" executed="True" />
                  <test-case description="Calls twig set before twig state for each item" name="scope-closer.ps1 — polyphony validate transition check (#2647).Valid transitions.Calls twig set before twig state for each item" time="0.3245" asserts="0" success="True" result="Success" executed="True" />
                </results>
              </test-suite>
              <test-suite type="TestFixture" name="scope-closer.ps1 — polyphony validate transition check (#2647).Failed transitions" executed="True" result="Success" success="True" time="3.759" asserts="0" description="scope-closer.ps1 — polyphony validate transition check (#2647).Failed transitions">
                <results>
                  <test-case description="Records items in failed_closures when validate returns invalid" name="scope-closer.ps1 — polyphony validate transition check (#2647).Failed transitions.Records items in failed_closures when validate returns invalid" time="0.3831" asserts="0" success="True" result="Success" executed="True" />
                  <test-case description="Includes reason from validate message in failed_closures" name="scope-closer.ps1 — polyphony validate transition check (#2647).Failed transitions.Includes reason from validate message in failed_closures" time="0.3164" asserts="0" success="True" result="Success" executed="True" />
                  <test-case description="Does not call twig state for invalid transitions" name="scope-closer.ps1 — polyphony validate transition check (#2647).Failed transitions.Does not call twig state for invalid transitions" time="0.4201" asserts="0" success="True" result="Success" executed="True" />
                </results>
              </test-suite>
              <test-suite type="TestFixture" name="scope-closer.ps1 — polyphony validate transition check (#2647).Mixed valid and invalid transitions" executed="True" result="Success" success="True" time="4.2021" asserts="0" description="scope-closer.ps1 — polyphony validate transition check (#2647).Mixed valid and invalid transitions">
                <results>
                  <test-case description="Separates valid and invalid items correctly" name="scope-closer.ps1 — polyphony validate transition check (#2647).Mixed valid and invalid transitions.Separates valid and invalid items correctly" time="0.326" asserts="0" success="True" result="Success" executed="True" />
                </results>
              </test-suite>
              <test-suite type="TestFixture" name="scope-closer.ps1 — polyphony validate transition check (#2647).PG scoping" executed="True" result="Success" success="True" time="4.9174" asserts="0" description="scope-closer.ps1 — polyphony validate transition check (#2647).PG scoping">
                <results>
                  <test-case description="Only closes items in the specified PG" name="scope-closer.ps1 — polyphony validate transition check (#2647).PG scoping.Only closes items in the specified PG" time="0.3598" asserts="0" success="True" result="Success" executed="True" />
                  <test-case description="Returns empty results for unknown PG" name="scope-closer.ps1 — polyphony validate transition check (#2647).PG scoping.Returns empty results for unknown PG" time="0.2442" asserts="0" success="True" result="Success" executed="True" />
                </results>
              </test-suite>
              <test-suite type="TestFixture" name="scope-closer.ps1 — polyphony validate transition check (#2647).All items already Done" executed="True" result="Success" success="True" time="5.4254" asserts="0" description="scope-closer.ps1 — polyphony validate transition check (#2647).All items already Done">
                <results>
                  <test-case description="Returns zero closed and zero failed when all items are Done" name="scope-closer.ps1 — polyphony validate transition check (#2647).All items already Done.Returns zero closed and zero failed when all items are Done" time="0.3975" asserts="0" success="True" result="Success" executed="True" />
                </results>
              </test-suite>
              <test-suite type="TestFixture" name="scope-closer.ps1 — polyphony validate transition check (#2647).Calls polyphony validate with correct event" executed="True" result="Success" success="True" time="6.4066" asserts="0" description="scope-closer.ps1 — polyphony validate transition check (#2647).Calls polyphony validate with correct event">
                <results>
                  <test-case description="Passes implementation_complete as the event to polyphony validate" name="scope-closer.ps1 — polyphony validate transition check (#2647).Calls polyphony validate with correct event.Passes implementation_complete as the event to polyphony validate" time="0.4056" asserts="0" success="True" result="Success" executed="True" />
                  <test-case description="Passes the correct work item id to polyphony validate" name="scope-closer.ps1 — polyphony validate transition check (#2647).Calls polyphony validate with correct event.Passes the correct work item id to polyphony validate" time="0.4572" asserts="0" success="True" result="Success" executed="True" />
                </results>
              </test-suite>
              <test-suite type="TestFixture" name="scope-closer.ps1 — polyphony validate transition check (#2647).Output schema" executed="True" result="Success" success="True" time="7.5116" asserts="0" description="scope-closer.ps1 — polyphony validate transition check (#2647).Output schema">
                <results>
                  <test-case description="Output contains all required fields" name="scope-closer.ps1 — polyphony validate transition check (#2647).Output schema.Output contains all required fields" time="0.5169" asserts="0" success="True" result="Success" executed="True" />
                  <test-case description="closed_items and failed_closures are arrays even when empty" name="scope-closer.ps1 — polyphony validate transition check (#2647).Output schema.closed_items and failed_closures are arrays even when empty" time="0.4805" asserts="0" success="True" result="Success" executed="True" />
                </results>
              </test-suite>
              <test-suite type="TestFixture" name="scope-closer.ps1 — polyphony validate transition check (#2647).Error handling" executed="True" result="Success" success="True" time="7.9243" asserts="0" description="scope-closer.ps1 — polyphony validate transition check (#2647).Error handling">
                <results>
                  <test-case description="Returns error JSON when polyphony hierarchy fails" name="scope-closer.ps1 — polyphony validate transition check (#2647).Error handling.Returns error JSON when polyphony hierarchy fails" time="0.2765" asserts="0" success="True" result="Success" executed="True" />
                </results>
              </test-suite>
            </results>
          </test-suite>
          <test-suite type="TestFixture" name="scope-closer.ps1 — output schema compatibility (#2649)" executed="True" result="Success" success="True" time="13.4574" asserts="0" description="scope-closer.ps1 — output schema compatibility (#2649)">
            <results>
              <test-suite type="TestFixture" name="scope-closer.ps1 — output schema compatibility (#2649).Required schema keys — all 7 from reference" executed="True" result="Success" success="True" time="2.3384" asserts="0" description="scope-closer.ps1 — output schema compatibility (#2649).Required schema keys — all 7 from reference">
                <results>
                  <test-case description="Contains all 7 required top-level keys" name="scope-closer.ps1 — output schema compatibility (#2649).Required schema keys — all 7 from reference.Contains all 7 required top-level keys" time="0.3572" asserts="0" success="True" result="Success" executed="True" />
                  <test-case description="Uses correct value types for each key" name="scope-closer.ps1 — output schema compatibility (#2649).Required schema keys — all 7 from reference.Uses correct value types for each key" time="0.3538" asserts="0" success="True" result="Success" executed="True" />
                  <test-case description="closed_items entries contain required sub-keys" name="scope-closer.ps1 — output schema compatibility (#2649).Required schema keys — all 7 from reference.closed_items entries contain required sub-keys" time="0.4042" asserts="0" success="True" result="Success" executed="True" />
                  <test-case description="failed_closures entries contain required sub-keys" name="scope-closer.ps1 — output schema compatibility (#2649).Required schema keys — all 7 from reference.failed_closures entries contain required sub-keys" time="1.1101" asserts="0" success="True" result="Success" executed="True" />
                </results>
              </test-suite>
              <test-suite type="TestFixture" name="scope-closer.ps1 — output schema compatibility (#2649).pr_number field compatibility" executed="True" result="Success" success="True" time="3.0966" asserts="0" description="scope-closer.ps1 — output schema compatibility (#2649).pr_number field compatibility">
                <results>
                  <test-case description="Includes pr_number when provided" name="scope-closer.ps1 — output schema compatibility (#2649).pr_number field compatibility.Includes pr_number when provided" time="0.3224" asserts="0" success="True" result="Success" executed="True" />
                  <test-case description="Defaults pr_number to 0 when omitted" name="scope-closer.ps1 — output schema compatibility (#2649).pr_number field compatibility.Defaults pr_number to 0 when omitted" time="0.3143" asserts="0" success="True" result="Success" executed="True" />
                </results>
              </test-suite>
              <test-suite type="TestFixture" name="scope-closer.ps1 — output schema compatibility (#2649).Scenario 1 — Mixed PG with valid and invalid transitions" executed="True" result="Success" success="True" time="4.4052" asserts="0" description="scope-closer.ps1 — output schema compatibility (#2649).Scenario 1 — Mixed PG with valid and invalid transitions">
                <results>
                  <test-case description="Produces valid JSON with all required fields" name="scope-closer.ps1 — output schema compatibility (#2649).Scenario 1 — Mixed PG with valid and invalid transitions.Produces valid JSON with all required fields" time="0.5318" asserts="0" success="True" result="Success" executed="True" />
                  <test-case description="closed_items contains correct item data" name="scope-closer.ps1 — output schema compatibility (#2649).Scenario 1 — Mixed PG with valid and invalid transitions.closed_items contains correct item data" time="0.2874" asserts="0" success="True" result="Success" executed="True" />
                  <test-case description="failed_closures contains correct item data" name="scope-closer.ps1 — output schema compatibility (#2649).Scenario 1 — Mixed PG with valid and invalid transitions.failed_closures contains correct item data" time="0.332" asserts="0" success="True" result="Success" executed="True" />
                </results>
              </test-suite>
              <test-suite type="TestFixture" name="scope-closer.ps1 — output schema compatibility (#2649).Scenario 2 — Empty PG (no items matched)" executed="True" result="Success" success="True" time="4.8401" asserts="0" description="scope-closer.ps1 — output schema compatibility (#2649).Scenario 2 — Empty PG (no items matched)">
                <results>
                  <test-case description="Returns empty arrays and zero counts with all required fields" name="scope-closer.ps1 — output schema compatibility (#2649).Scenario 2 — Empty PG (no items matched).Returns empty arrays and zero counts with all required fields" time="0.3245" asserts="0" success="True" result="Success" executed="True" />
                </results>
              </test-suite>
              <test-suite type="TestFixture" name="scope-closer.ps1 — output schema compatibility (#2649).Scenario 3 — Multi-type PG (Issues and Tasks together)" executed="True" result="Success" success="True" time="5.2983" asserts="0" description="scope-closer.ps1 — output schema compatibility (#2649).Scenario 3 — Multi-type PG (Issues and Tasks together)">
                <results>
                  <test-case description="Closes both Issues and Tasks in the same PG" name="scope-closer.ps1 — output schema compatibility (#2649).Scenario 3 — Multi-type PG (Issues and Tasks together).Closes both Issues and Tasks in the same PG" time="0.3527" asserts="0" success="True" result="Success" executed="True" />
                </results>
              </test-suite>
            </results>
          </test-suite>
        </results>
      </test-suite>
      <test-suite type="TestFixture" name="C:\Users\dangreen\projects\polyphony-2584\scripts\pg-router.Tests.ps1" executed="True" result="Success" success="True" time="27.5482" asserts="0" description="C:\Users\dangreen\projects\polyphony-2584\scripts\pg-router.Tests.ps1">
        <results>
          <test-suite type="TestFixture" name="pg-router.ps1 — PG routing with polyphony hierarchy (#2663)" executed="True" result="Success" success="True" time="18.7975" asserts="0" description="pg-router.ps1 — PG routing with polyphony hierarchy (#2663)">
            <results>
              <test-suite type="TestFixture" name="pg-router.ps1 — PG routing with polyphony hierarchy (#2663).create_branch — no branches exist" executed="True" result="Success" success="True" time="3.4321" asserts="0" description="pg-router.ps1 — PG routing with polyphony hierarchy (#2663).create_branch — no branches exist">
                <results>
                  <test-case description="Returns create_branch action for first PG when no remote branches" name="pg-router.ps1 — PG routing with polyphony hierarchy (#2663).create_branch — no branches exist.Returns create_branch action for first PG when no remote branches" time="1.2503" asserts="0" success="True" result="Success" executed="True" />
                  <test-case description="Uses workspace_hint pg_branch with PG number in branch_name" name="pg-router.ps1 — PG routing with polyphony hierarchy (#2663).create_branch — no branches exist.Uses workspace_hint pg_branch with PG number in branch_name" time="0.541" asserts="0" success="True" result="Success" executed="True" />
                  <test-case description="Includes correct task_ids and issue_ids from capability classification" name="pg-router.ps1 — PG routing with polyphony hierarchy (#2663).create_branch — no branches exist.Includes correct task_ids and issue_ids from capability classification" time="0.5635" asserts="0" success="True" result="Success" executed="True" />
                  <test-case description="Reports zero pr_number and empty pr_url" name="pg-router.ps1 — PG routing with polyphony hierarchy (#2663).create_branch — no branches exist.Reports zero pr_number and empty pr_url" time="0.4752" asserts="0" success="True" result="Success" executed="True" />
                  <test-case description="Reports correct total_pgs" name="pg-router.ps1 — PG routing with polyphony hierarchy (#2663).create_branch — no branches exist.Reports correct total_pgs" time="0.4975" asserts="0" success="True" result="Success" executed="True" />
                </results>
              </test-suite>
              <test-suite type="TestFixture" name="pg-router.ps1 — PG routing with polyphony hierarchy (#2663).create_branch — branch exists but no PR" executed="True" result="Success" success="True" time="4.2259" asserts="0" description="pg-router.ps1 — PG routing with polyphony hierarchy (#2663).create_branch — branch exists but no PR">
                <results>
                  <test-case description="Returns create_branch when branch exists but no open or merged PR" name="pg-router.ps1 — PG routing with polyphony hierarchy (#2663).create_branch — branch exists but no PR.Returns create_branch when branch exists but no open or merged PR" time="0.674" asserts="0" success="True" result="Success" executed="True" />
                </results>
              </test-suite>
              <test-suite type="TestFixture" name="pg-router.ps1 — PG routing with polyphony hierarchy (#2663).submit_pr — open PR exists" executed="True" result="Success" success="True" time="5.2018" asserts="0" description="pg-router.ps1 — PG routing with polyphony hierarchy (#2663).submit_pr — open PR exists">
                <results>
                  <test-case description="Returns submit_pr with PR details when open PR exists" name="pg-router.ps1 — PG routing with polyphony hierarchy (#2663).submit_pr — open PR exists.Returns submit_pr with PR details when open PR exists" time="0.8604" asserts="0" success="True" result="Success" executed="True" />
                </results>
              </test-suite>
              <test-suite type="TestFixture" name="pg-router.ps1 — PG routing with polyphony hierarchy (#2663).Merged PG — advances to next PG" executed="True" result="Success" success="True" time="7.0966" asserts="0" description="pg-router.ps1 — PG routing with polyphony hierarchy (#2663).Merged PG — advances to next PG">
                <results>
                  <test-case description="Marks first PG as completed and targets second PG" name="pg-router.ps1 — PG routing with polyphony hierarchy (#2663).Merged PG — advances to next PG.Marks first PG as completed and targets second PG" time="0.8552" asserts="0" success="True" result="Success" executed="True" />
                  <test-case description="remaining_pgs excludes completed PGs" name="pg-router.ps1 — PG routing with polyphony hierarchy (#2663).Merged PG — advances to next PG.remaining_pgs excludes completed PGs" time="0.4455" asserts="0" success="True" result="Success" executed="True" />
                  <test-case description="Includes correct task/issue ids for second PG" name="pg-router.ps1 — PG routing with polyphony hierarchy (#2663).Merged PG — advances to next PG.Includes correct task/issue ids for second PG" time="0.4746" asserts="0" success="True" result="Success" executed="True" />
                </results>
              </test-suite>
              <test-suite type="TestFixture" name="pg-router.ps1 — PG routing with polyphony hierarchy (#2663).all_complete — all PGs merged" executed="True" result="Success" success="True" time="8.5328" asserts="0" description="pg-router.ps1 — PG routing with polyphony hierarchy (#2663).all_complete — all PGs merged">
                <results>
                  <test-case description="Returns all_complete when every PG has a merged PR" name="pg-router.ps1 — PG routing with polyphony hierarchy (#2663).all_complete — all PGs merged.Returns all_complete when every PG has a merged PR" time="0.796" asserts="0" success="True" result="Success" executed="True" />
                  <test-case description="Returns empty arrays for task_ids and issue_ids" name="pg-router.ps1 — PG routing with polyphony hierarchy (#2663).all_complete — all PGs merged.Returns empty arrays for task_ids and issue_ids" time="0.5212" asserts="0" success="True" result="Success" executed="True" />
                </results>
              </test-suite>
              <test-suite type="TestFixture" name="pg-router.ps1 — PG routing with polyphony hierarchy (#2663).No-tag fallback — single PG-1" executed="True" result="Success" success="True" time="10.2579" asserts="0" description="pg-router.ps1 — PG routing with polyphony hierarchy (#2663).No-tag fallback — single PG-1">
                <results>
                  <test-case description="Falls back to single PG-1 when no PG tags found" name="pg-router.ps1 — PG routing with polyphony hierarchy (#2663).No-tag fallback — single PG-1.Falls back to single PG-1 when no PG tags found" time="0.9179" asserts="0" success="True" result="Success" executed="True" />
                  <test-case description="Classifies items by capability in fallback mode" name="pg-router.ps1 — PG routing with polyphony hierarchy (#2663).No-tag fallback — single PG-1.Classifies items by capability in fallback mode" time="0.3353" asserts="0" success="True" result="Success" executed="True" />
                  <test-case description="Uses workspace_hint feature_branch in fallback mode" name="pg-router.ps1 — PG routing with polyphony hierarchy (#2663).No-tag fallback — single PG-1.Uses workspace_hint feature_branch in fallback mode" time="0.3694" asserts="0" success="True" result="Success" executed="True" />
                </results>
              </test-suite>
              <test-suite type="TestFixture" name="pg-router.ps1 — PG routing with polyphony hierarchy (#2663).Capability-based classification" executed="True" result="Success" success="True" time="11.1882" asserts="0" description="pg-router.ps1 — PG routing with polyphony hierarchy (#2663).Capability-based classification">
                <results>
                  <test-case description="Items with implementable only go to task_ids" name="pg-router.ps1 — PG routing with polyphony hierarchy (#2663).Capability-based classification.Items with implementable only go to task_ids" time="0.3023" asserts="0" success="True" result="Success" executed="True" />
                  <test-case description="Items with plannable go to issue_ids" name="pg-router.ps1 — PG routing with polyphony hierarchy (#2663).Capability-based classification.Items with plannable go to issue_ids" time="0.3614" asserts="0" success="True" result="Success" executed="True" />
                  <test-case description="No type-name literals used in classification" name="pg-router.ps1 — PG routing with polyphony hierarchy (#2663).Capability-based classification.No type-name literals used in classification" time="0.1465" asserts="0" success="True" result="Success" executed="True" />
                </results>
              </test-suite>
              <test-suite type="TestFixture" name="pg-router.ps1 — PG routing with polyphony hierarchy (#2663).PG sorting" executed="True" result="Success" success="True" time="11.9562" asserts="0" description="pg-router.ps1 — PG routing with polyphony hierarchy (#2663).PG sorting">
                <results>
                  <test-case description="Sorts PGs numerically (PG-1 before PG-2 before PG-10)" name="pg-router.ps1 — PG routing with polyphony hierarchy (#2663).PG sorting.Sorts PGs numerically (PG-1 before PG-2 before PG-10)" time="0.6495" asserts="0" success="True" result="Success" executed="True" />
                </results>
              </test-suite>
              <test-suite type="TestFixture" name="pg-router.ps1 — PG routing with polyphony hierarchy (#2663).Stale-branch defense — merged PR but all issues still To Do" executed="True" result="Success" success="True" time="13.0142" asserts="0" description="pg-router.ps1 — PG routing with polyphony hierarchy (#2663).Stale-branch defense — merged PR but all issues still To Do">
                <results>
                  <test-case description="Treats merged PR as stale when all container items are still To Do" name="pg-router.ps1 — PG routing with polyphony hierarchy (#2663).Stale-branch defense — merged PR but all issues still To Do.Treats merged PR as stale when all container items are still To Do" time="0.6019" asserts="0" success="True" result="Success" executed="True" />
                  <test-case description="Routes stale PG with create_branch action" name="pg-router.ps1 — PG routing with polyphony hierarchy (#2663).Stale-branch defense — merged PR but all issues still To Do.Routes stale PG with create_branch action" time="0.3441" asserts="0" success="True" result="Success" executed="True" />
                </results>
              </test-suite>
              <test-suite type="TestFixture" name="pg-router.ps1 — PG routing with polyphony hierarchy (#2663).Stale-branch defense — merged PR with progressed issue is valid" executed="True" result="Success" success="True" time="13.5311" asserts="0" description="pg-router.ps1 — PG routing with polyphony hierarchy (#2663).Stale-branch defense — merged PR with progressed issue is valid">
                <results>
                  <test-case description="Marks PG as completed when container item has progressed beyond To Do" name="pg-router.ps1 — PG routing with polyphony hierarchy (#2663).Stale-branch defense — merged PR with progressed issue is valid.Marks PG as completed when container item has progressed beyond To Do" time="0.4118" asserts="0" success="True" result="Success" executed="True" />
                </results>
              </test-suite>
              <test-suite type="TestFixture" name="pg-router.ps1 — PG routing with polyphony hierarchy (#2663).ADO-state completion fallback — all issues Done, no PR" executed="True" result="Success" success="True" time="14.1053" asserts="0" description="pg-router.ps1 — PG routing with polyphony hierarchy (#2663).ADO-state completion fallback — all issues Done, no PR">
                <results>
                  <test-case description="Treats PG as complete when all issues are Done even without merged PR" name="pg-router.ps1 — PG routing with polyphony hierarchy (#2663).ADO-state completion fallback — all issues Done, no PR.Treats PG as complete when all issues are Done even without merged PR" time="0.4642" asserts="0" success="True" result="Success" executed="True" />
                </results>
              </test-suite>
              <test-suite type="TestFixture" name="pg-router.ps1 — PG routing with polyphony hierarchy (#2663).Task-only PG — completion via task states" executed="True" result="Success" success="True" time="15.3976" asserts="0" description="pg-router.ps1 — PG routing with polyphony hierarchy (#2663).Task-only PG — completion via task states">
                <results>
                  <test-case description="Marks task-only PG as complete when all tasks are Done" name="pg-router.ps1 — PG routing with polyphony hierarchy (#2663).Task-only PG — completion via task states.Marks task-only PG as complete when all tasks are Done" time="0.6963" asserts="0" success="True" result="Success" executed="True" />
                  <test-case description="Does not mark task-only PG complete when tasks remain" name="pg-router.ps1 — PG routing with polyphony hierarchy (#2663).Task-only PG — completion via task states.Does not mark task-only PG complete when tasks remain" time="0.4827" asserts="0" success="True" result="Success" executed="True" />
                </results>
              </test-suite>
              <test-suite type="TestFixture" name="pg-router.ps1 — PG routing with polyphony hierarchy (#2663).Issue-as-task — plannable+implementable with no children in PG" executed="True" result="Success" success="True" time="16.4193" asserts="0" description="pg-router.ps1 — PG routing with polyphony hierarchy (#2663).Issue-as-task — plannable+implementable with no children in PG">
                <results>
                  <test-case description="Classifies issue-as-task items into task_ids" name="pg-router.ps1 — PG routing with polyphony hierarchy (#2663).Issue-as-task — plannable+implementable with no children in PG.Classifies issue-as-task items into task_ids" time="0.5785" asserts="0" success="True" result="Success" executed="True" />
                  <test-case description="Does not place issue-as-task items in issue_ids" name="pg-router.ps1 — PG routing with polyphony hierarchy (#2663).Issue-as-task — plannable+implementable with no children in PG.Does not place issue-as-task items in issue_ids" time="0.3391" asserts="0" success="True" result="Success" executed="True" />
                </results>
              </test-suite>
              <test-suite type="TestFixture" name="pg-router.ps1 — PG routing with polyphony hierarchy (#2663).No-tag fallback slug capping — manual fallback when no workspace_hint" executed="True" result="Success" success="True" time="17.045" asserts="0" description="pg-router.ps1 — PG routing with polyphony hierarchy (#2663).No-tag fallback slug capping — manual fallback when no workspace_hint">
                <results>
                  <test-case description="Caps slug at 40 characters in branch name when workspace_hint absent" name="pg-router.ps1 — PG routing with polyphony hierarchy (#2663).No-tag fallback slug capping — manual fallback when no workspace_hint.Caps slug at 40 characters in branch name when workspace_hint absent" time="0.5199" asserts="0" success="True" result="Success" executed="True" />
                </results>
              </test-suite>
              <test-suite type="TestFixture" name="pg-router.ps1 — PG routing with polyphony hierarchy (#2663).No-tag fallback — issue-as-task classification" executed="True" result="Success" success="True" time="18.078" asserts="0" description="pg-router.ps1 — PG routing with polyphony hierarchy (#2663).No-tag fallback — issue-as-task classification">
                <results>
                  <test-case description="Places issue-as-task items in task_ids in fallback mode" name="pg-router.ps1 — PG routing with polyphony hierarchy (#2663).No-tag fallback — issue-as-task classification.Places issue-as-task items in task_ids in fallback mode" time="0.5801" asserts="0" success="True" result="Success" executed="True" />
                  <test-case description="Excludes issue-as-task items from issue_ids in fallback mode" name="pg-router.ps1 — PG routing with polyphony hierarchy (#2663).No-tag fallback — issue-as-task classification.Excludes issue-as-task items from issue_ids in fallback mode" time="0.3413" asserts="0" success="True" result="Success" executed="True" />
                </results>
              </test-suite>
              <test-suite type="TestFixture" name="pg-router.ps1 — PG routing with polyphony hierarchy (#2663).Error handling" executed="True" result="Success" success="True" time="18.6605" asserts="0" description="pg-router.ps1 — PG routing with polyphony hierarchy (#2663).Error handling">
                <results>
                  <test-case description="Returns error JSON when polyphony hierarchy fails" name="pg-router.ps1 — PG routing with polyphony hierarchy (#2663).Error handling.Returns error JSON when polyphony hierarchy fails" time="0.445" asserts="0" success="True" result="Success" executed="True" />
                </results>
              </test-suite>
            </results>
          </test-suite>
          <test-suite type="TestFixture" name="pg-router.ps1 — output schema compatibility (#2663)" executed="True" result="Success" success="True" time="22.0776" asserts="0" description="pg-router.ps1 — output schema compatibility (#2663)">
            <results>
              <test-suite type="TestFixture" name="pg-router.ps1 — output schema compatibility (#2663).Required schema keys — all 11 from reference" executed="True" result="Success" success="True" time="1.2387" asserts="0" description="pg-router.ps1 — output schema compatibility (#2663).Required schema keys — all 11 from reference">
                <results>
                  <test-case description="Contains all 11 required top-level keys" name="pg-router.ps1 — output schema compatibility (#2663).Required schema keys — all 11 from reference.Contains all 11 required top-level keys" time="0.5791" asserts="0" success="True" result="Success" executed="True" />
                  <test-case description="Uses correct value types for each key" name="pg-router.ps1 — output schema compatibility (#2663).Required schema keys — all 11 from reference.Uses correct value types for each key" time="0.4428" asserts="0" success="True" result="Success" executed="True" />
                </results>
              </test-suite>
              <test-suite type="TestFixture" name="pg-router.ps1 — output schema compatibility (#2663).Scenario — all_complete has safe defaults" executed="True" result="Success" success="True" time="2.5866" asserts="0" description="pg-router.ps1 — output schema compatibility (#2663).Scenario — all_complete has safe defaults">
                <results>
                  <test-case description="Returns safe defaults for all fields" name="pg-router.ps1 — output schema compatibility (#2663).Scenario — all_complete has safe defaults.Returns safe defaults for all fields" time="0.7335" asserts="0" success="True" result="Success" executed="True" />
                  <test-case description="Arrays are empty when all_complete" name="pg-router.ps1 — output schema compatibility (#2663).Scenario — all_complete has safe defaults.Arrays are empty when all_complete" time="0.4956" asserts="0" success="True" result="Success" executed="True" />
                </results>
              </test-suite>
              <test-suite type="TestFixture" name="pg-router.ps1 — output schema compatibility (#2663).Scenario — create_branch with populated arrays" executed="True" result="Success" success="True" time="3.1648" asserts="0" description="pg-router.ps1 — output schema compatibility (#2663).Scenario — create_branch with populated arrays">
                <results>
                  <test-case description="Produces valid JSON with populated arrays" name="pg-router.ps1 — output schema compatibility (#2663).Scenario — create_branch with populated arrays.Produces valid JSON with populated arrays" time="0.4666" asserts="0" success="True" result="Success" executed="True" />
                </results>
              </test-suite>
            </results>
          </test-suite>
          <test-suite type="TestFixture" name="pg-router.ps1 — workspace_hint branch naming (#2666)" executed="True" result="Success" success="True" time="24.4023" asserts="0" description="pg-router.ps1 — workspace_hint branch naming (#2666)">
            <results>
              <test-suite type="TestFixture" name="pg-router.ps1 — workspace_hint branch naming (#2666).PG branch naming from workspace_hint" executed="True" result="Success" success="True" time="0.984" asserts="0" description="pg-router.ps1 — workspace_hint branch naming (#2666).PG branch naming from workspace_hint">
                <results>
                  <test-case description="Substitutes {n} with PG number for PG-1" name="pg-router.ps1 — workspace_hint branch naming (#2666).PG branch naming from workspace_hint.Substitutes {n} with PG number for PG-1" time="0.3903" asserts="0" success="True" result="Success" executed="True" />
                  <test-case description="Substitutes {n} with PG number for PG-2 when PG-1 is complete" name="pg-router.ps1 — workspace_hint branch naming (#2666).PG branch naming from workspace_hint.Substitutes {n} with PG number for PG-2 when PG-1 is complete" time="0.4921" asserts="0" success="True" result="Success" executed="True" />
                </results>
              </test-suite>
              <test-suite type="TestFixture" name="pg-router.ps1 — workspace_hint branch naming (#2666).Manual fallback when workspace_hint is null" executed="True" result="Success" success="True" time="1.3983" asserts="0" description="pg-router.ps1 — workspace_hint branch naming (#2666).Manual fallback when workspace_hint is null">
                <results>
                  <test-case description="Falls back to manual slug derivation" name="pg-router.ps1 — workspace_hint branch naming (#2666).Manual fallback when workspace_hint is null.Falls back to manual slug derivation" time="0.3492" asserts="0" success="True" result="Success" executed="True" />
                </results>
              </test-suite>
              <test-suite type="TestFixture" name="pg-router.ps1 — workspace_hint branch naming (#2666).Manual fallback when polyphony route fails" executed="True" result="Success" success="True" time="1.9294" asserts="0" description="pg-router.ps1 — workspace_hint branch naming (#2666).Manual fallback when polyphony route fails">
                <results>
                  <test-case description="Falls back to manual slug derivation when route throws" name="pg-router.ps1 — workspace_hint branch naming (#2666).Manual fallback when polyphony route fails.Falls back to manual slug derivation when route throws" time="0.4099" asserts="0" success="True" result="Success" executed="True" />
                </results>
              </test-suite>
              <test-suite type="TestFixture" name="pg-router.ps1 — workspace_hint branch naming (#2666).Type literal audit" executed="True" result="Success" success="True" time="2.1957" asserts="0" description="pg-router.ps1 — workspace_hint branch naming (#2666).Type literal audit">
                <results>
                  <test-case description="Contains zero type-name string literals in pg-router.ps1" name="pg-router.ps1 — workspace_hint branch naming (#2666).Type literal audit.Contains zero type-name string literals in pg-router.ps1" time="0.1524" asserts="0" success="True" result="Success" executed="True" />
                </results>
              </test-suite>
            </results>
          </test-suite>
        </results>
      </test-suite>
      <test-suite type="TestFixture" name="C:\Users\dangreen\projects\polyphony-2584\scripts\task-router.Tests.ps1" executed="True" result="Success" success="True" time="13.862" asserts="0" description="C:\Users\dangreen\projects\polyphony-2584\scripts\task-router.Tests.ps1">
        <results>
          <test-suite type="TestFixture" name="task-router.ps1 — task routing with polyphony hierarchy (#2664)" executed="True" result="Success" success="True" time="7.0931" asserts="0" description="task-router.ps1 — task routing with polyphony hierarchy (#2664)">
            <results>
              <test-suite type="TestFixture" name="task-router.ps1 — task routing with polyphony hierarchy (#2664).implement_task — selects first non-Done implementable item" executed="True" result="Success" success="True" time="2.044" asserts="0" description="task-router.ps1 — task routing with polyphony hierarchy (#2664).implement_task — selects first non-Done implementable item">
                <results>
[...]
                </results>
              </test-suite>
              <test-suite type="TestFixture" name="load-work-tree.ps1 — PG completion and output schema (#2662).All PGs completed — next_pg is empty" executed="True" result="Success" success="True" time="12.0273" asserts="0" description="load-work-tree.ps1 — PG completion and output schema (#2662).All PGs completed — next_pg is empty">
                <results>
                  <test-case description="Sets next_pg to empty string when all PGs completed" name="load-work-tree.ps1 — PG completion and output schema (#2662).All PGs completed — next_pg is empty.Sets next_pg to empty string when all PGs completed" time="0.4751" asserts="0" success="True" result="Success" executed="True" />
                  <test-case description="Lists all PGs as completed" name="load-work-tree.ps1 — PG completion and output schema (#2662).All PGs completed — next_pg is empty.Lists all PGs as completed" time="0.28" asserts="0" success="True" result="Success" executed="True" />
                </results>
              </test-suite>
              <test-suite type="TestFixture" name="load-work-tree.ps1 — PG completion and output schema (#2662).Completed PG with all items Done — no reconciliation needed" executed="True" result="Success" success="True" time="13.1225" asserts="0" description="load-work-tree.ps1 — PG completion and output schema (#2662).Completed PG with all items Done — no reconciliation needed">
                <results>
                  <test-case description="Sets needs_reconciliation to false when all items Done" name="load-work-tree.ps1 — PG completion and output schema (#2662).Completed PG with all items Done — no reconciliation needed.Sets needs_reconciliation to false when all items Done" time="0.5545" asserts="0" success="True" result="Success" executed="True" />
                  <test-case description="Returns empty reconciliation arrays" name="load-work-tree.ps1 — PG completion and output schema (#2662).Completed PG with all items Done — no reconciliation needed.Returns empty reconciliation arrays" time="0.4076" asserts="0" success="True" result="Success" executed="True" />
                </results>
              </test-suite>
              <test-suite type="TestFixture" name="load-work-tree.ps1 — PG completion and output schema (#2662).Error handling" executed="True" result="Success" success="True" time="13.7894" asserts="0" description="load-work-tree.ps1 — PG completion and output schema (#2662).Error handling">
                <results>
                  <test-case description="Returns error JSON when script fails" name="load-work-tree.ps1 — PG completion and output schema (#2662).Error handling.Returns error JSON when script fails" time="0.5389" asserts="0" success="True" result="Success" executed="True" />
                </results>
              </test-suite>
            </results>
          </test-suite>
          <test-suite type="TestFixture" name="load-work-tree.ps1 — output schema compatibility (#2640)" executed="True" result="Success" success="True" time="43.7449" asserts="0" description="load-work-tree.ps1 — output schema compatibility (#2640)">
            <results>
              <test-suite type="TestFixture" name="load-work-tree.ps1 — output schema compatibility (#2640).Required schema keys — all 10 from reference" executed="True" result="Success" success="True" time="1.7485" asserts="0" description="load-work-tree.ps1 — output schema compatibility (#2640).Required schema keys — all 10 from reference">
                <results>
                  <test-case description="Contains all 10 required top-level keys" name="load-work-tree.ps1 — output schema compatibility (#2640).Required schema keys — all 10 from reference.Contains all 10 required top-level keys" time="0.614" asserts="0" success="True" result="Success" executed="True" />
                  <test-case description="Uses correct value types for each key" name="load-work-tree.ps1 — output schema compatibility (#2640).Required schema keys — all 10 from reference.Uses correct value types for each key" time="0.3261" asserts="0" success="True" result="Success" executed="True" />
                  <test-case description="work_tree contains required sub-keys" name="load-work-tree.ps1 — output schema compatibility (#2640).Required schema keys — all 10 from reference.work_tree contains required sub-keys" time="0.3446" asserts="0" success="True" result="Success" executed="True" />
                  <test-case description="pr_groups entries contain required fields" name="load-work-tree.ps1 — output schema compatibility (#2640).Required schema keys — all 10 from reference.pr_groups entries contain required fields" time="0.3563" asserts="0" success="True" result="Success" executed="True" />
                </results>
              </test-suite>
              <test-suite type="TestFixture" name="load-work-tree.ps1 — output schema compatibility (#2640).Scenario 1 — Epic root (3-tier hierarchy with PG tags)" executed="True" result="Success" success="True" time="7.768" asserts="0" description="load-work-tree.ps1 — output schema compatibility (#2640).Scenario 1 — Epic root (3-tier hierarchy with PG tags)">
                <results>
                  <test-case description="Sets work_tree.epic_id to root work_item_id" name="load-work-tree.ps1 — output schema compatibility (#2640).Scenario 1 — Epic root (3-tier hierarchy with PG tags).Sets work_tree.epic_id to root work_item_id" time="0.6332" asserts="0" success="True" result="Success" executed="True" />
                  <test-case description="Sets work_tree.epic_title to root title" name="load-work-tree.ps1 — output schema compatibility (#2640).Scenario 1 — Epic root (3-tier hierarchy with PG tags).Sets work_tree.epic_title to root title" time="0.3165" asserts="0" success="True" result="Success" executed="True" />
                  <test-case description="Sets work_tree.epic_type to root type" name="load-work-tree.ps1 — output schema compatibility (#2640).Scenario 1 — Epic root (3-tier hierarchy with PG tags).Sets work_tree.epic_type to root type" time="0.2636" asserts="0" success="True" result="Success" executed="True" />
                  <test-case description="Builds issues array from children" name="load-work-tree.ps1 — output schema compatibility (#2640).Scenario 1 — Epic root (3-tier hierarchy with PG tags).Builds issues array from children" time="0.2439" asserts="0" success="True" result="Success" executed="True" />
                  <test-case description="Issues contain nested tasks array" name="load-work-tree.ps1 — output schema compatibility (#2640).Scenario 1 — Epic root (3-tier hierarchy with PG tags).Issues contain nested tasks array" time="0.3252" asserts="0" success="True" result="Success" executed="True" />
                  <test-case description="Creates two PR groups matching PG tags" name="load-work-tree.ps1 — output schema compatibility (#2640).Scenario 1 — Epic root (3-tier hierarchy with PG tags).Creates two PR groups matching PG tags" time="0.349" asserts="0" success="True" result="Success" executed="True" />
                  <test-case description="PG-1 task_ids contains implementable items" name="load-work-tree.ps1 — output schema compatibility (#2640).Scenario 1 — Epic root (3-tier hierarchy with PG tags).PG-1 task_ids contains implementable items" time="0.3392" asserts="0" success="True" result="Success" executed="True" />
                  <test-case description="PG-1 issue_ids contains container items" name="load-work-tree.ps1 — output schema compatibility (#2640).Scenario 1 — Epic root (3-tier hierarchy with PG tags).PG-1 issue_ids contains container items" time="0.4157" asserts="0" success="True" result="Success" executed="True" />
                  <test-case description="Computes correct total_tasks count" name="load-work-tree.ps1 — output schema compatibility (#2640).Scenario 1 — Epic root (3-tier hierarchy with PG tags).Computes correct total_tasks count" time="0.5231" asserts="0" success="True" result="Success" executed="True" />
                  <test-case description="Computes correct total_issues count" name="load-work-tree.ps1 — output schema compatibility (#2640).Scenario 1 — Epic root (3-tier hierarchy with PG tags).Computes correct total_issues count" time="0.3789" asserts="0" success="True" result="Success" executed="True" />
                  <test-case description="Computes correct tagged_items count" name="load-work-tree.ps1 — output schema compatibility (#2640).Scenario 1 — Epic root (3-tier hierarchy with PG tags).Computes correct tagged_items count" time="0.5541" asserts="0" success="True" result="Success" executed="True" />
                  <test-case description="Computes correct untagged_items count" name="load-work-tree.ps1 — output schema compatibility (#2640).Scenario 1 — Epic root (3-tier hierarchy with PG tags).Computes correct untagged_items count" time="0.3811" asserts="0" success="True" result="Success" executed="True" />
                  <test-case description="Lists all PGs in pending_pgs when no merges" name="load-work-tree.ps1 — output schema compatibility (#2640).Scenario 1 — Epic root (3-tier hierarchy with PG tags).Lists all PGs in pending_pgs when no merges" time="0.4164" asserts="0" success="True" result="Success" executed="True" />
                  <test-case description="Sets next_pg to first pending PG" name="load-work-tree.ps1 — output schema compatibility (#2640).Scenario 1 — Epic root (3-tier hierarchy with PG tags).Sets next_pg to first pending PG" time="0.4032" asserts="0" success="True" result="Success" executed="True" />
                  <test-case description="Returns empty pgs_needing_reconciliation" name="load-work-tree.ps1 — output schema compatibility (#2640).Scenario 1 — Epic root (3-tier hierarchy with PG tags).Returns empty pgs_needing_reconciliation" time="0.3588" asserts="0" success="True" result="Success" executed="True" />
                </results>
              </test-suite>
              <test-suite type="TestFixture" name="load-work-tree.ps1 — output schema compatibility (#2640).Scenario 2 — Issue root (2-tier hierarchy)" executed="True" result="Success" success="True" time="10.143" asserts="0" description="load-work-tree.ps1 — output schema compatibility (#2640).Scenario 2 — Issue root (2-tier hierarchy)">
                <results>
                  <test-case description="Sets work_tree.epic_id to issue root id" name="load-work-tree.ps1 — output schema compatibility (#2640).Scenario 2 — Issue root (2-tier hierarchy).Sets work_tree.epic_id to issue root id" time="0.47" asserts="0" success="True" result="Success" executed="True" />
                  <test-case description="Sets work_tree.epic_type to Issue" name="load-work-tree.ps1 — output schema compatibility (#2640).Scenario 2 — Issue root (2-tier hierarchy).Sets work_tree.epic_type to Issue" time="0.3381" asserts="0" success="True" result="Success" executed="True" />
                  <test-case description="Builds issues array from direct children" name="load-work-tree.ps1 — output schema compatibility (#2640).Scenario 2 — Issue root (2-tier hierarchy).Builds issues array from direct children" time="0.4393" asserts="0" success="True" result="Success" executed="True" />
                  <test-case description="Contains all required top-level keys" name="load-work-tree.ps1 — output schema compatibility (#2640).Scenario 2 — Issue root (2-tier hierarchy).Contains all required top-level keys" time="0.5221" asserts="0" success="True" result="Success" executed="True" />
                  <test-case description="Produces valid pr_groups for 2-tier hierarchy" name="load-work-tree.ps1 — output schema compatibility (#2640).Scenario 2 — Issue root (2-tier hierarchy).Produces valid pr_groups for 2-tier hierarchy" time="0.4845" asserts="0" success="True" result="Success" executed="True" />
                </results>
              </test-suite>
              <test-suite type="TestFixture" name="load-work-tree.ps1 — output schema compatibility (#2640).Scenario 3 — Task root (leaf, single item)" executed="True" result="Success" success="True" time="13.1441" asserts="0" description="load-work-tree.ps1 — output schema compatibility (#2640).Scenario 3 — Task root (leaf, single item)">
                <results>
                  <test-case description="Sets work_tree.epic_id to task root id" name="load-work-tree.ps1 — output schema compatibility (#2640).Scenario 3 — Task root (leaf, single item).Sets work_tree.epic_id to task root id" time="0.6313" asserts="0" success="True" result="Success" executed="True" />
                  <test-case description="Sets work_tree.epic_type to Task" name="load-work-tree.ps1 — output schema compatibility (#2640).Scenario 3 — Task root (leaf, single item).Sets work_tree.epic_type to Task" time="0.3019" asserts="0" success="True" result="Success" executed="True" />
                  <test-case description="Builds empty issues array for leaf node" name="load-work-tree.ps1 — output schema compatibility (#2640).Scenario 3 — Task root (leaf, single item).Builds empty issues array for leaf node" time="0.27" asserts="0" success="True" result="Success" executed="True" />
                  <test-case description="Contains all required top-level keys" name="load-work-tree.ps1 — output schema compatibility (#2640).Scenario 3 — Task root (leaf, single item).Contains all required top-level keys" time="0.4558" asserts="0" success="True" result="Success" executed="True" />
                  <test-case description="Produces valid pr_groups for single leaf item" name="load-work-tree.ps1 — output schema compatibility (#2640).Scenario 3 — Task root (leaf, single item).Produces valid pr_groups for single leaf item" time="0.4627" asserts="0" success="True" result="Success" executed="True" />
                  <test-case description="Sets total_tasks for leaf task with implementable capability" name="load-work-tree.ps1 — output schema compatibility (#2640).Scenario 3 — Task root (leaf, single item).Sets total_tasks for leaf task with implementable capability" time="0.4458" asserts="0" success="True" result="Success" executed="True" />
                  <test-case description="Sets total_issues to 0 for leaf task" name="load-work-tree.ps1 — output schema compatibility (#2640).Scenario 3 — Task root (leaf, single item).Sets total_issues to 0 for leaf task" time="0.3773" asserts="0" success="True" result="Success" executed="True" />
                </results>
              </test-suite>
              <test-suite type="TestFixture" name="load-work-tree.ps1 — output schema compatibility (#2640).Scenario 4 — No PG tags (PG-1 fallback)" executed="True" result="Success" success="True" time="15.3376" asserts="0" description="load-work-tree.ps1 — output schema compatibility (#2640).Scenario 4 — No PG tags (PG-1 fallback)">
                <results>
                  <test-case description="Creates single PG-1 fallback group" name="load-work-tree.ps1 — output schema compatibility (#2640).Scenario 4 — No PG tags (PG-1 fallback).Creates single PG-1 fallback group" time="0.4283" asserts="0" success="True" result="Success" executed="True" />
                  <test-case description="Fallback PG-1 task_ids contains implementable-only items" name="load-work-tree.ps1 — output schema compatibility (#2640).Scenario 4 — No PG tags (PG-1 fallback).Fallback PG-1 task_ids contains implementable-only items" time="0.27" asserts="0" success="True" result="Success" executed="True" />
                  <test-case description="Fallback PG-1 issue_ids contains plannable items" name="load-work-tree.ps1 — output schema compatibility (#2640).Scenario 4 — No PG tags (PG-1 fallback).Fallback PG-1 issue_ids contains plannable items" time="0.2785" asserts="0" success="True" result="Success" executed="True" />
                  <test-case description="Contains all required top-level keys in fallback mode" name="load-work-tree.ps1 — output schema compatibility (#2640).Scenario 4 — No PG tags (PG-1 fallback).Contains all required top-level keys in fallback mode" time="0.3746" asserts="0" success="True" result="Success" executed="True" />
                  <test-case description="Reports 0 tagged_items and correct untagged_items count" name="load-work-tree.ps1 — output schema compatibility (#2640).Scenario 4 — No PG tags (PG-1 fallback).Reports 0 tagged_items and correct untagged_items count" time="0.2569" asserts="0" success="True" result="Success" executed="True" />
                  <test-case description="Fallback PG-1 has all pr_group fields" name="load-work-tree.ps1 — output schema compatibility (#2640).Scenario 4 — No PG tags (PG-1 fallback).Fallback PG-1 has all pr_group fields" time="0.4636" asserts="0" success="True" result="Success" executed="True" />
                </results>
              </test-suite>
              <test-suite type="TestFixture" name="load-work-tree.ps1 — output schema compatibility (#2640).P5 compliance — zero type name literals" executed="True" result="Success" success="True" time="15.6902" asserts="0" description="load-work-tree.ps1 — output schema compatibility (#2640).P5 compliance — zero type name literals">
                <results>
                  <test-case description="load-work-tree.ps1 contains no hardcoded type literals" name="load-work-tree.ps1 — output schema compatibility (#2640).P5 compliance — zero type name literals.load-work-tree.ps1 contains no hardcoded type literals" time="0.1243" asserts="0" success="True" result="Success" executed="True" />
                  <test-case description="pg-helpers.ps1 contains no hardcoded type literals" name="load-work-tree.ps1 — output schema compatibility (#2640).P5 compliance — zero type name literals.pg-helpers.ps1 contains no hardcoded type literals" time="0.1256" asserts="0" success="True" result="Success" executed="True" />
                </results>
              </test-suite>
              <test-suite type="TestFixture" name="load-work-tree.ps1 — output schema compatibility (#2640).Error handler output format" executed="True" result="Success" success="True" time="17.1677" asserts="0" description="load-work-tree.ps1 — output schema compatibility (#2640).Error handler output format">
                <results>
                  <test-case description="Error output contains error key" name="load-work-tree.ps1 — output schema compatibility (#2640).Error handler output format.Error output contains error key" time="0.3575" asserts="0" success="True" result="Success" executed="True" />
                  <test-case description="Error output has non-empty error message" name="load-work-tree.ps1 — output schema compatibility (#2640).Error handler output format.Error output has non-empty error message" time="0.3537" asserts="0" success="True" result="Success" executed="True" />
                  <test-case description="Error output is valid JSON" name="load-work-tree.ps1 — output schema compatibility (#2640).Error handler output format.Error output is valid JSON" time="0.3863" asserts="0" success="True" result="Success" executed="True" />
                  <test-case description="Error output sets non-zero exit code" name="load-work-tree.ps1 — output schema compatibility (#2640).Error handler output format.Error output sets non-zero exit code" time="0.2719" asserts="0" success="True" result="Success" executed="True" />
                </results>
              </test-suite>
            </results>
          </test-suite>
        </results>
      </test-suite>
    </results>
  </test-suite>
</test-results>